<?xml version="1.0" encoding="UTF-8"?>
<!-- Generated by org.testng.reporters.JUnitXMLReporter -->
<testsuite ignored="0" hostname="blocksone-VivoBook-ASUSLaptop-X415EA-X415EA" failures="0" tests="4" name="Default test" time="3.55" errors="0" timestamp="2024-08-16T17:49:50 IST">
  <testcase classname="setUpforRestAssured.Tests.HTTPMethods" name="createUser" time="1.395"/>
  <testcase classname="setUpforRestAssured.Tests.HTTPMethods" name="addUser" time="1.02"/>
  <testcase classname="setUpforRestAssured.Tests.HTTPMethods" name="updateData" time="0.492"/>
  <testcase classname="setUpforRestAssured.Tests.HTTPMethods" name="deleteData" time="0.595"/>
</testsuite> <!-- Default test -->
