<?xml version="1.0" encoding="UTF-8"?>
<testng-results ignored="0" total="1" passed="1" failed="0" skipped="0">
  <reporter-output>
  </reporter-output>
  <suite started-at="2024-08-16T15:55:32 IST" name="Default suite" finished-at="2024-08-16T15:55:33 IST" duration-ms="1015">
    <groups>
    </groups>
    <test started-at="2024-08-16T15:55:32 IST" name="Default test" finished-at="2024-08-16T15:55:33 IST" duration-ms="1015">
      <class name="setUpforRestAssured.Tests.HTTPMethods">
        <test-method signature="getUser()[pri:0, instance:setUpforRestAssured.Tests.HTTPMethods@6adbc9d]" started-at="2024-08-16T15:55:32 IST" name="getUser" finished-at="2024-08-16T15:55:33 IST" duration-ms="978" status="PASS">
          <reporter-output>
          </reporter-output>
        </test-method> <!-- getUser -->
      </class> <!-- setUpforRestAssured.Tests.HTTPMethods -->
    </test> <!-- Default test -->
  </suite> <!-- Default suite -->
</testng-results>
